<?xml version="1.0" encoding="UTF-8"?>
<!-- Generated by org.testng.reporters.JUnitReportReporter -->
<testsuite skipped="1" hostname="PRIYABALA-PC" name="com.RestAssured.BasicMethods" tests="2" failures="0" timestamp="2023-02-10T14:34:33 IST" time="8.109" errors="0">
  <testcase name="postMethod" time="8.109" classname="com.RestAssured.BasicMethods"/>
  <system-out/>
  <testcase name="getMethod" classname="com.RestAssured.BasicMethods">
    <skipped/>
  </testcase> <!-- getMethod -->
  <system-out/>
</testsuite> <!-- com.RestAssured.BasicMethods -->
