<?xml version="1.0" encoding="UTF-8"?>
<!-- Generated by org.testng.reporters.JUnitReportReporter -->
<testsuite skipped="0" hostname="PRIYABALA-PC" name="com.TestNG_Features.DependsOnConcept" tests="4" failures="0" timestamp="2023-02-03T11:06:11 IST" time="0.051" errors="0">
  <testcase name="signIn" time="0.006" classname="com.TestNG_Features.DependsOnConcept"/>
  <system-out/>
  <testcase name="addToCart" time="0.031" classname="com.TestNG_Features.DependsOnConcept"/>
  <system-out/>
  <testcase name="logOut" time="0.008" classname="com.TestNG_Features.DependsOnConcept"/>
  <system-out/>
  <testcase name="selectItem" time="0.006" classname="com.TestNG_Features.DependsOnConcept"/>
  <system-out/>
</testsuite> <!-- com.TestNG_Features.DependsOnConcept -->
