<?xml version="1.0" encoding="UTF-8"?>
<!-- Generated by org.testng.reporters.JUnitReportReporter -->
<testsuite skipped="0" hostname="PRIYABALA-PC" name="com.TestNG_Features.ParallelTesting" tests="3" failures="0" timestamp="2023-02-03T11:31:33 IST" time="223.053" errors="0">
  <testcase name="flipkart" time="63.762" classname="com.TestNG_Features.ParallelTesting"/>
  <system-out/>
  <testcase name="amazon" time="84.202" classname="com.TestNG_Features.ParallelTesting"/>
  <system-out/>
  <testcase name="googlePage" time="75.089" classname="com.TestNG_Features.ParallelTesting"/>
  <system-out/>
</testsuite> <!-- com.TestNG_Features.ParallelTesting -->
